<?xml version="1.0" encoding="UTF-8"?>
<!-- Generated by org.testng.reporters.JUnitReportReporter -->
<testsuite skipped="0" hostname="DESKTOP-UGCGD6S" name="classwork.db.JDBCTestDemo" tests="4" failures="0" timestamp="2020-09-03T16:18:58 EDT" time="24.159" errors="0">
  <testcase name="excelDemo" time="5.697" classname="classwork.db.JDBCTestDemo"/>
  <system-out/>
  <testcase name="excelDemo" time="6.500" classname="classwork.db.JDBCTestDemo"/>
  <system-out/>
  <testcase name="excelDemo" time="5.683" classname="classwork.db.JDBCTestDemo"/>
  <system-out/>
  <testcase name="excelDemo" time="6.279" classname="classwork.db.JDBCTestDemo"/>
  <system-out/>
</testsuite> <!-- classwork.db.JDBCTestDemo -->
