<?xml version="1.0" encoding="UTF-8"?>
<!-- Generated by org.testng.reporters.JUnitReportReporter -->
<testsuite skipped="0" hostname="DESKTOP-UGCGD6S" name="classwork.pom.testsuite.SampleAppSuite4" tests="3" failures="0" timestamp="2020-09-03T17:25:13 EDT" time="16.707" errors="0">
  <testcase name="useExelData" time="5.771" classname="classwork.pom.testsuite.SampleAppSuite4"/>
  <system-out/>
  <testcase name="useExelData" time="5.673" classname="classwork.pom.testsuite.SampleAppSuite4"/>
  <system-out/>
  <testcase name="useExelData" time="5.263" classname="classwork.pom.testsuite.SampleAppSuite4"/>
  <system-out/>
</testsuite> <!-- classwork.pom.testsuite.SampleAppSuite4 -->
