<?xml version="1.0" encoding="UTF-8"?>
<!-- Generated by org.testng.reporters.JUnitReportReporter -->
<testsuite skipped="0" hostname="DESKTOP-UGCGD6S" name="classwork.pom.testsuite.SampleAppSuite2" tests="3" failures="0" timestamp="2020-08-30T02:32:15 EDT" time="21.896" errors="0">
  <testcase name="excelExtract" time="7.554" classname="classwork.pom.testsuite.SampleAppSuite2"/>
  <system-out/>
  <testcase name="excelExtract" time="7.207" classname="classwork.pom.testsuite.SampleAppSuite2"/>
  <system-out/>
  <testcase name="excelExtract" time="7.135" classname="classwork.pom.testsuite.SampleAppSuite2"/>
  <system-out/>
</testsuite> <!-- classwork.pom.testsuite.SampleAppSuite2 -->
