<?xml version="1.0" encoding="UTF-8"?>
<!-- Generated by org.testng.reporters.JUnitReportReporter -->
<testsuite skipped="0" hostname="DESKTOP-UGCGD6S" name="classwork.pom.testsuite.SampleAppSuite3" tests="3" failures="0" timestamp="2020-09-03T15:23:39 EDT" time="14.495" errors="0">
  <testcase name="useExelData" time="4.693" classname="classwork.pom.testsuite.SampleAppSuite3"/>
  <system-out/>
  <testcase name="useExelData" time="4.877" classname="classwork.pom.testsuite.SampleAppSuite3"/>
  <system-out/>
  <testcase name="useExelData" time="4.925" classname="classwork.pom.testsuite.SampleAppSuite3"/>
  <system-out/>
</testsuite> <!-- classwork.pom.testsuite.SampleAppSuite3 -->
