<?xml version="1.0" encoding="UTF-8"?>
<!-- Generated by org.testng.reporters.JUnitReportReporter -->
<testsuite skipped="0" hostname="DESKTOP-UGCGD6S" name="classwork.pom.testsuite.SampleAppSuite" tests="3" failures="0" timestamp="2020-09-08T21:19:20 EDT" time="5.601" errors="0">
  <testcase name="searchDress" time="1.610" classname="classwork.pom.testsuite.SampleAppSuite"/>
  <system-out/>
  <testcase name="inputButtons" time="0.099" classname="classwork.pom.testsuite.SampleAppSuite"/>
  <system-out/>
  <testcase name="signInClick" time="3.892" classname="classwork.pom.testsuite.SampleAppSuite"/>
  <system-out/>
</testsuite> <!-- classwork.pom.testsuite.SampleAppSuite -->
