<?xml version="1.0" encoding="UTF-8"?>
<!-- Generated by org.testng.reporters.JUnitReportReporter -->
<testsuite skipped="0" hostname="DESKTOP-UGCGD6S" name="classwork.profile.ChromeFileDownLoadDemo" tests="1" failures="0" timestamp="2020-09-04T19:03:47 EDT" time="21.375" errors="0">
  <testcase name="launch" time="21.375" classname="classwork.profile.ChromeFileDownLoadDemo"/>
  <system-out/>
</testsuite> <!-- classwork.profile.ChromeFileDownLoadDemo -->
