<?xml version="1.0" encoding="UTF-8"?>
<!-- Generated by org.testng.reporters.JUnitReportReporter -->
<testsuite skipped="0" hostname="DESKTOP-UGCGD6S" name="classwork.profile.FFProfileFileUploadDownloadDemo" tests="1" failures="0" timestamp="2020-09-04T18:52:09 EDT" time="26.928" errors="0">
  <testcase name="launch" time="26.928" classname="classwork.profile.FFProfileFileUploadDownloadDemo"/>
  <system-out/>
</testsuite> <!-- classwork.profile.FFProfileFileUploadDownloadDemo -->
