<?xml version="1.0" encoding="UTF-8"?>
<!-- Generated by org.testng.reporters.JUnitReportReporter -->
<testsuite skipped="0" hostname="DESKTOP-UGCGD6S" name="classwork.grid.Grid_File1" tests="5" failures="0" timestamp="2020-09-04T19:39:30 EDT" time="66.108" errors="0">
  <testcase name="myLaunch" time="27.458" classname="classwork.grid.Grid_File1"/>
  <system-out/>
  <testcase name="search" time="10.062" classname="classwork.grid.Grid_File1"/>
  <system-out/>
  <testcase name="search" time="9.642" classname="classwork.grid.Grid_File1"/>
  <system-out/>
  <testcase name="search" time="11.567" classname="classwork.grid.Grid_File1"/>
  <system-out/>
  <testcase name="quitBrowser" time="7.379" classname="classwork.grid.Grid_File1"/>
  <system-out/>
</testsuite> <!-- classwork.grid.Grid_File1 -->
